<html>
<head>
<title>TestNG:  CRM API Tests</title>
<link href="../testng.css" rel="stylesheet" type="text/css" />
<link href="../my-testng.css" rel="stylesheet" type="text/css" />

<style type="text/css">
.log { display: none;} 
.stack-trace { display: none;} 
</style>
<script type="text/javascript">
<!--
function flip(e) {
  current = e.style.display;
  if (current == 'block') {
    e.style.display = 'none';
    return 0;
  }
  else {
    e.style.display = 'block';
    return 1;
  }
}

function toggleBox(szDivId, elem, msg1, msg2)
{
  var res = -1;  if (document.getElementById) {
    res = flip(document.getElementById(szDivId));
  }
  else if (document.all) {
    // this is the way old msie versions work
    res = flip(document.all[szDivId]);
  }
  if(elem) {
    if(res == 0) elem.innerHTML = msg1; else elem.innerHTML = msg2;
  }

}

function toggleAllBoxes() {
  if (document.getElementsByTagName) {
    d = document.getElementsByTagName('div');
    for (i = 0; i < d.length; i++) {
      if (d[i].className == 'log') {
        flip(d[i]);
      }
    }
  }
}

// -->
</script>

</head>
<body>
<h2 align='center'>CRM API Tests</h2><table border='1' align="center">
<tr>
<td>Tests passed/Failed/Skipped:</td><td>59/11/0</td>
</tr><tr>
<td>Started on:</td><td>Mon Mar 02 13:42:41 GMT 2020</td>
</tr>
<tr><td>Total time:</td><td>242 seconds (242357 ms)</td>
</tr><tr>
<td>Included groups:</td><td></td>
</tr><tr>
<td>Excluded groups:</td><td></td>
</tr>
</table><p/>
<small><i>(Hover the method name to see the test class name)</i></small><p/>
<table width='100%' border='1' class='invocation-failed'>
<tr><td colspan='4' align='center'><b>FAILED TESTS</b></td></tr>
<tr><td><b>Test method</b></td>
<td width="30%"><b>Exception</b></td>
<td width="10%"><b>Time (seconds)</b></td>
<td><b>Instance</b></td>
</tr>
<tr>
<td title='com.api.tests.Membership.ApplyMembershipDiscountCodeForWeb()'><b>ApplyMembershipDiscountCodeForWeb</b><br>Test class: com.api.tests.Membership<br>Parameters: public void com.api.tests.Membership.ApplyMembershipDiscountCodeForWeb(java.lang.reflect.Method) throws java.io.IOException</td>
<td><div><pre>java.lang.AssertionError: expected [true] but found [false]
	at com.api.utils.VerifyResponse.validateAssertion(VerifyResponse.java:21)
	at com.api.tests.Membership.ApplyMembershipDiscountCodeForWeb(Membership.java:205)
... Removed 32 stack frames</pre></div><a href='#' onClick='toggleBox("stack-trace936544568", this, "Click to show all stack frames", "Click to hide stack frames")'>Click to show all stack frames</a>
<div class='stack-trace' id='stack-trace936544568'><pre>java.lang.AssertionError: expected [true] but found [false]
	at org.testng.Assert.fail(Assert.java:94)
	at org.testng.Assert.failNotEquals(Assert.java:496)
	at org.testng.Assert.assertTrue(Assert.java:42)
	at org.testng.Assert.assertTrue(Assert.java:52)
	at com.api.utils.VerifyResponse.validateAssertion(VerifyResponse.java:21)
	at com.api.tests.Membership.ApplyMembershipDiscountCodeForWeb(Membership.java:205)
	at java.base/jdk.internal.reflect.NativeMethodAccessorImpl.invoke0(Native Method)
	at java.base/jdk.internal.reflect.NativeMethodAccessorImpl.invoke(NativeMethodAccessorImpl.java:62)
	at java.base/jdk.internal.reflect.DelegatingMethodAccessorImpl.invoke(DelegatingMethodAccessorImpl.java:43)
	at java.base/java.lang.reflect.Method.invoke(Method.java:566)
	at org.testng.internal.MethodInvocationHelper.invokeMethod(MethodInvocationHelper.java:85)
	at org.testng.internal.Invoker.invokeMethod(Invoker.java:639)
	at org.testng.internal.Invoker.invokeTestMethod(Invoker.java:816)
	at org.testng.internal.Invoker.invokeTestMethods(Invoker.java:1124)
	at org.testng.internal.TestMethodWorker.invokeTestMethods(TestMethodWorker.java:125)
	at org.testng.internal.TestMethodWorker.run(TestMethodWorker.java:108)
	at org.testng.TestRunner.privateRun(TestRunner.java:774)
	at org.testng.TestRunner.run(TestRunner.java:624)
	at org.testng.SuiteRunner.runTest(SuiteRunner.java:359)
	at org.testng.SuiteRunner.runSequentially(SuiteRunner.java:354)
	at org.testng.SuiteRunner.privateRun(SuiteRunner.java:312)
	at org.testng.SuiteRunner.run(SuiteRunner.java:261)
	at org.testng.SuiteRunnerWorker.runSuite(SuiteRunnerWorker.java:52)
	at org.testng.SuiteRunnerWorker.run(SuiteRunnerWorker.java:86)
	at org.testng.TestNG.runSuitesSequentially(TestNG.java:1191)
	at org.testng.TestNG.runSuitesLocally(TestNG.java:1116)
	at org.testng.TestNG.run(TestNG.java:1024)
	at org.apache.maven.surefire.testng.TestNGExecutor.run(TestNGExecutor.java:283)
	at org.apache.maven.surefire.testng.TestNGXmlTestSuite.execute(TestNGXmlTestSuite.java:75)
	at org.apache.maven.surefire.testng.TestNGProvider.invoke(TestNGProvider.java:120)
	at org.apache.maven.surefire.booter.ForkedBooter.runSuitesInProcess(ForkedBooter.java:377)
	at org.apache.maven.surefire.booter.ForkedBooter.execute(ForkedBooter.java:138)
	at org.apache.maven.surefire.booter.ForkedBooter.run(ForkedBooter.java:465)
	at org.apache.maven.surefire.booter.ForkedBooter.main(ForkedBooter.java:451)
</pre></div></td>
<td>0</td>
<td>com.api.tests.Membership@70101687</td></tr>
<tr>
<td title='com.api.tests.FundRaising.CreateDonationPaymentPlan()'><b>CreateDonationPaymentPlan</b><br>Test class: com.api.tests.FundRaising<br>Parameters: public void com.api.tests.FundRaising.CreateDonationPaymentPlan(java.lang.reflect.Method)</td>
<td><div><pre>java.lang.AssertionError: expected [true] but found [false]
	at com.api.utils.VerifyResponse.validateAssertion(VerifyResponse.java:21)
	at com.api.tests.FundRaising.CreateDonationPaymentPlan(FundRaising.java:185)
... Removed 32 stack frames</pre></div><a href='#' onClick='toggleBox("stack-trace334403503", this, "Click to show all stack frames", "Click to hide stack frames")'>Click to show all stack frames</a>
<div class='stack-trace' id='stack-trace334403503'><pre>java.lang.AssertionError: expected [true] but found [false]
	at org.testng.Assert.fail(Assert.java:94)
	at org.testng.Assert.failNotEquals(Assert.java:496)
	at org.testng.Assert.assertTrue(Assert.java:42)
	at org.testng.Assert.assertTrue(Assert.java:52)
	at com.api.utils.VerifyResponse.validateAssertion(VerifyResponse.java:21)
	at com.api.tests.FundRaising.CreateDonationPaymentPlan(FundRaising.java:185)
	at java.base/jdk.internal.reflect.NativeMethodAccessorImpl.invoke0(Native Method)
	at java.base/jdk.internal.reflect.NativeMethodAccessorImpl.invoke(NativeMethodAccessorImpl.java:62)
	at java.base/jdk.internal.reflect.DelegatingMethodAccessorImpl.invoke(DelegatingMethodAccessorImpl.java:43)
	at java.base/java.lang.reflect.Method.invoke(Method.java:566)
	at org.testng.internal.MethodInvocationHelper.invokeMethod(MethodInvocationHelper.java:85)
	at org.testng.internal.Invoker.invokeMethod(Invoker.java:639)
	at org.testng.internal.Invoker.invokeTestMethod(Invoker.java:816)
	at org.testng.internal.Invoker.invokeTestMethods(Invoker.java:1124)
	at org.testng.internal.TestMethodWorker.invokeTestMethods(TestMethodWorker.java:125)
	at org.testng.internal.TestMethodWorker.run(TestMethodWorker.java:108)
	at org.testng.TestRunner.privateRun(TestRunner.java:774)
	at org.testng.TestRunner.run(TestRunner.java:624)
	at org.testng.SuiteRunner.runTest(SuiteRunner.java:359)
	at org.testng.SuiteRunner.runSequentially(SuiteRunner.java:354)
	at org.testng.SuiteRunner.privateRun(SuiteRunner.java:312)
	at org.testng.SuiteRunner.run(SuiteRunner.java:261)
	at org.testng.SuiteRunnerWorker.runSuite(SuiteRunnerWorker.java:52)
	at org.testng.SuiteRunnerWorker.run(SuiteRunnerWorker.java:86)
	at org.testng.TestNG.runSuitesSequentially(TestNG.java:1191)
	at org.testng.TestNG.runSuitesLocally(TestNG.java:1116)
	at org.testng.TestNG.run(TestNG.java:1024)
	at org.apache.maven.surefire.testng.TestNGExecutor.run(TestNGExecutor.java:283)
	at org.apache.maven.surefire.testng.TestNGXmlTestSuite.execute(TestNGXmlTestSuite.java:75)
	at org.apache.maven.surefire.testng.TestNGProvider.invoke(TestNGProvider.java:120)
	at org.apache.maven.surefire.booter.ForkedBooter.runSuitesInProcess(ForkedBooter.java:377)
	at org.apache.maven.surefire.booter.ForkedBooter.execute(ForkedBooter.java:138)
	at org.apache.maven.surefire.booter.ForkedBooter.run(ForkedBooter.java:465)
	at org.apache.maven.surefire.booter.ForkedBooter.main(ForkedBooter.java:451)
</pre></div></td>
<td>2</td>
<td>com.api.tests.FundRaising@680d4a6a</td></tr>
<tr>
<td title='com.api.tests.Membership.CreateFundraisingMembership()'><b>CreateFundraisingMembership</b><br>Test class: com.api.tests.Membership<br>Parameters: public void com.api.tests.Membership.CreateFundraisingMembership(java.lang.reflect.Method) throws java.io.IOException</td>
<td><div><pre>java.lang.AssertionError: expected [true] but found [false]
	at com.api.utils.VerifyResponse.validateAssertion(VerifyResponse.java:21)
	at com.api.tests.Membership.CreateFundraisingMembership(Membership.java:300)
... Removed 32 stack frames</pre></div><a href='#' onClick='toggleBox("stack-trace729248981", this, "Click to show all stack frames", "Click to hide stack frames")'>Click to show all stack frames</a>
<div class='stack-trace' id='stack-trace729248981'><pre>java.lang.AssertionError: expected [true] but found [false]
	at org.testng.Assert.fail(Assert.java:94)
	at org.testng.Assert.failNotEquals(Assert.java:496)
	at org.testng.Assert.assertTrue(Assert.java:42)
	at org.testng.Assert.assertTrue(Assert.java:52)
	at com.api.utils.VerifyResponse.validateAssertion(VerifyResponse.java:21)
	at com.api.tests.Membership.CreateFundraisingMembership(Membership.java:300)
	at java.base/jdk.internal.reflect.NativeMethodAccessorImpl.invoke0(Native Method)
	at java.base/jdk.internal.reflect.NativeMethodAccessorImpl.invoke(NativeMethodAccessorImpl.java:62)
	at java.base/jdk.internal.reflect.DelegatingMethodAccessorImpl.invoke(DelegatingMethodAccessorImpl.java:43)
	at java.base/java.lang.reflect.Method.invoke(Method.java:566)
	at org.testng.internal.MethodInvocationHelper.invokeMethod(MethodInvocationHelper.java:85)
	at org.testng.internal.Invoker.invokeMethod(Invoker.java:639)
	at org.testng.internal.Invoker.invokeTestMethod(Invoker.java:816)
	at org.testng.internal.Invoker.invokeTestMethods(Invoker.java:1124)
	at org.testng.internal.TestMethodWorker.invokeTestMethods(TestMethodWorker.java:125)
	at org.testng.internal.TestMethodWorker.run(TestMethodWorker.java:108)
	at org.testng.TestRunner.privateRun(TestRunner.java:774)
	at org.testng.TestRunner.run(TestRunner.java:624)
	at org.testng.SuiteRunner.runTest(SuiteRunner.java:359)
	at org.testng.SuiteRunner.runSequentially(SuiteRunner.java:354)
	at org.testng.SuiteRunner.privateRun(SuiteRunner.java:312)
	at org.testng.SuiteRunner.run(SuiteRunner.java:261)
	at org.testng.SuiteRunnerWorker.runSuite(SuiteRunnerWorker.java:52)
	at org.testng.SuiteRunnerWorker.run(SuiteRunnerWorker.java:86)
	at org.testng.TestNG.runSuitesSequentially(TestNG.java:1191)
	at org.testng.TestNG.runSuitesLocally(TestNG.java:1116)
	at org.testng.TestNG.run(TestNG.java:1024)
	at org.apache.maven.surefire.testng.TestNGExecutor.run(TestNGExecutor.java:283)
	at org.apache.maven.surefire.testng.TestNGXmlTestSuite.execute(TestNGXmlTestSuite.java:75)
	at org.apache.maven.surefire.testng.TestNGProvider.invoke(TestNGProvider.java:120)
	at org.apache.maven.surefire.booter.ForkedBooter.runSuitesInProcess(ForkedBooter.java:377)
	at org.apache.maven.surefire.booter.ForkedBooter.execute(ForkedBooter.java:138)
	at org.apache.maven.surefire.booter.ForkedBooter.run(ForkedBooter.java:465)
	at org.apache.maven.surefire.booter.ForkedBooter.main(ForkedBooter.java:451)
</pre></div></td>
<td>22</td>
<td>com.api.tests.Membership@70101687</td></tr>
<tr>
<td title='com.api.tests.Membership.CreateMultipleMembershipInvoiceTransaction()'><b>CreateMultipleMembershipInvoiceTransaction</b><br>Test class: com.api.tests.Membership<br>Parameters: public void com.api.tests.Membership.CreateMultipleMembershipInvoiceTransaction(java.lang.reflect.Method)</td>
<td><div><pre>java.lang.AssertionError: expected [true] but found [false]
	at com.api.utils.VerifyResponse.validateAssertion(VerifyResponse.java:21)
	at com.api.tests.Membership.CreateMultipleMembershipInvoiceTransaction(Membership.java:481)
... Removed 32 stack frames</pre></div><a href='#' onClick='toggleBox("stack-trace955979034", this, "Click to show all stack frames", "Click to hide stack frames")'>Click to show all stack frames</a>
<div class='stack-trace' id='stack-trace955979034'><pre>java.lang.AssertionError: expected [true] but found [false]
	at org.testng.Assert.fail(Assert.java:94)
	at org.testng.Assert.failNotEquals(Assert.java:496)
	at org.testng.Assert.assertTrue(Assert.java:42)
	at org.testng.Assert.assertTrue(Assert.java:52)
	at com.api.utils.VerifyResponse.validateAssertion(VerifyResponse.java:21)
	at com.api.tests.Membership.CreateMultipleMembershipInvoiceTransaction(Membership.java:481)
	at java.base/jdk.internal.reflect.NativeMethodAccessorImpl.invoke0(Native Method)
	at java.base/jdk.internal.reflect.NativeMethodAccessorImpl.invoke(NativeMethodAccessorImpl.java:62)
	at java.base/jdk.internal.reflect.DelegatingMethodAccessorImpl.invoke(DelegatingMethodAccessorImpl.java:43)
	at java.base/java.lang.reflect.Method.invoke(Method.java:566)
	at org.testng.internal.MethodInvocationHelper.invokeMethod(MethodInvocationHelper.java:85)
	at org.testng.internal.Invoker.invokeMethod(Invoker.java:639)
	at org.testng.internal.Invoker.invokeTestMethod(Invoker.java:816)
	at org.testng.internal.Invoker.invokeTestMethods(Invoker.java:1124)
	at org.testng.internal.TestMethodWorker.invokeTestMethods(TestMethodWorker.java:125)
	at org.testng.internal.TestMethodWorker.run(TestMethodWorker.java:108)
	at org.testng.TestRunner.privateRun(TestRunner.java:774)
	at org.testng.TestRunner.run(TestRunner.java:624)
	at org.testng.SuiteRunner.runTest(SuiteRunner.java:359)
	at org.testng.SuiteRunner.runSequentially(SuiteRunner.java:354)
	at org.testng.SuiteRunner.privateRun(SuiteRunner.java:312)
	at org.testng.SuiteRunner.run(SuiteRunner.java:261)
	at org.testng.SuiteRunnerWorker.runSuite(SuiteRunnerWorker.java:52)
	at org.testng.SuiteRunnerWorker.run(SuiteRunnerWorker.java:86)
	at org.testng.TestNG.runSuitesSequentially(TestNG.java:1191)
	at org.testng.TestNG.runSuitesLocally(TestNG.java:1116)
	at org.testng.TestNG.run(TestNG.java:1024)
	at org.apache.maven.surefire.testng.TestNGExecutor.run(TestNGExecutor.java:283)
	at org.apache.maven.surefire.testng.TestNGXmlTestSuite.execute(TestNGXmlTestSuite.java:75)
	at org.apache.maven.surefire.testng.TestNGProvider.invoke(TestNGProvider.java:120)
	at org.apache.maven.surefire.booter.ForkedBooter.runSuitesInProcess(ForkedBooter.java:377)
	at org.apache.maven.surefire.booter.ForkedBooter.execute(ForkedBooter.java:138)
	at org.apache.maven.surefire.booter.ForkedBooter.run(ForkedBooter.java:465)
	at org.apache.maven.surefire.booter.ForkedBooter.main(ForkedBooter.java:451)
</pre></div></td>
<td>3</td>
<td>com.api.tests.Membership@70101687</td></tr>
<tr>
<td title='com.api.tests.Dialogs.CreateTransactionAllInOne()'><b>CreateTransactionAllInOne</b><br>Test class: com.api.tests.Dialogs<br>Parameters: public void com.api.tests.Dialogs.CreateTransactionAllInOne(java.lang.reflect.Method) throws java.io.IOException</td>
<td><div><pre>java.lang.AssertionError: expected [true] but found [false]
	at com.api.utils.VerifyResponse.validateAssertion(VerifyResponse.java:21)
	at com.api.tests.Dialogs.CreateTransactionAllInOne(Dialogs.java:138)
... Removed 32 stack frames</pre></div><a href='#' onClick='toggleBox("stack-trace1017215299", this, "Click to show all stack frames", "Click to hide stack frames")'>Click to show all stack frames</a>
<div class='stack-trace' id='stack-trace1017215299'><pre>java.lang.AssertionError: expected [true] but found [false]
	at org.testng.Assert.fail(Assert.java:94)
	at org.testng.Assert.failNotEquals(Assert.java:496)
	at org.testng.Assert.assertTrue(Assert.java:42)
	at org.testng.Assert.assertTrue(Assert.java:52)
	at com.api.utils.VerifyResponse.validateAssertion(VerifyResponse.java:21)
	at com.api.tests.Dialogs.CreateTransactionAllInOne(Dialogs.java:138)
	at java.base/jdk.internal.reflect.NativeMethodAccessorImpl.invoke0(Native Method)
	at java.base/jdk.internal.reflect.NativeMethodAccessorImpl.invoke(NativeMethodAccessorImpl.java:62)
	at java.base/jdk.internal.reflect.DelegatingMethodAccessorImpl.invoke(DelegatingMethodAccessorImpl.java:43)
	at java.base/java.lang.reflect.Method.invoke(Method.java:566)
	at org.testng.internal.MethodInvocationHelper.invokeMethod(MethodInvocationHelper.java:85)
	at org.testng.internal.Invoker.invokeMethod(Invoker.java:639)
	at org.testng.internal.Invoker.invokeTestMethod(Invoker.java:816)
	at org.testng.internal.Invoker.invokeTestMethods(Invoker.java:1124)
	at org.testng.internal.TestMethodWorker.invokeTestMethods(TestMethodWorker.java:125)
	at org.testng.internal.TestMethodWorker.run(TestMethodWorker.java:108)
	at org.testng.TestRunner.privateRun(TestRunner.java:774)
	at org.testng.TestRunner.run(TestRunner.java:624)
	at org.testng.SuiteRunner.runTest(SuiteRunner.java:359)
	at org.testng.SuiteRunner.runSequentially(SuiteRunner.java:354)
	at org.testng.SuiteRunner.privateRun(SuiteRunner.java:312)
	at org.testng.SuiteRunner.run(SuiteRunner.java:261)
	at org.testng.SuiteRunnerWorker.runSuite(SuiteRunnerWorker.java:52)
	at org.testng.SuiteRunnerWorker.run(SuiteRunnerWorker.java:86)
	at org.testng.TestNG.runSuitesSequentially(TestNG.java:1191)
	at org.testng.TestNG.runSuitesLocally(TestNG.java:1116)
	at org.testng.TestNG.run(TestNG.java:1024)
	at org.apache.maven.surefire.testng.TestNGExecutor.run(TestNGExecutor.java:283)
	at org.apache.maven.surefire.testng.TestNGXmlTestSuite.execute(TestNGXmlTestSuite.java:75)
	at org.apache.maven.surefire.testng.TestNGProvider.invoke(TestNGProvider.java:120)
	at org.apache.maven.surefire.booter.ForkedBooter.runSuitesInProcess(ForkedBooter.java:377)
	at org.apache.maven.surefire.booter.ForkedBooter.execute(ForkedBooter.java:138)
	at org.apache.maven.surefire.booter.ForkedBooter.run(ForkedBooter.java:465)
	at org.apache.maven.surefire.booter.ForkedBooter.main(ForkedBooter.java:451)
</pre></div></td>
<td>2</td>
<td>com.api.tests.Dialogs@d5ce97f</td></tr>
<tr>
<td title='com.api.tests.Dialogs.ExecuteMembershipBatch()'><b>ExecuteMembershipBatch</b><br>Test class: com.api.tests.Dialogs<br>Parameters: public void com.api.tests.Dialogs.ExecuteMembershipBatch(java.lang.reflect.Method)</td>
<td><div><pre>java.lang.AssertionError: expected [200] but found [400]
	at com.api.utils.VerifyResponse.validateAssertion(VerifyResponse.java:13)
	at com.api.tests.Dialogs.ExecuteMembershipBatch(Dialogs.java:155)
... Removed 33 stack frames</pre></div><a href='#' onClick='toggleBox("stack-trace1633584044", this, "Click to show all stack frames", "Click to hide stack frames")'>Click to show all stack frames</a>
<div class='stack-trace' id='stack-trace1633584044'><pre>java.lang.AssertionError: expected [200] but found [400]
	at org.testng.Assert.fail(Assert.java:94)
	at org.testng.Assert.failNotEquals(Assert.java:496)
	at org.testng.Assert.assertEquals(Assert.java:125)
	at org.testng.Assert.assertEquals(Assert.java:372)
	at org.testng.Assert.assertEquals(Assert.java:382)
	at com.api.utils.VerifyResponse.validateAssertion(VerifyResponse.java:13)
	at com.api.tests.Dialogs.ExecuteMembershipBatch(Dialogs.java:155)
	at java.base/jdk.internal.reflect.NativeMethodAccessorImpl.invoke0(Native Method)
	at java.base/jdk.internal.reflect.NativeMethodAccessorImpl.invoke(NativeMethodAccessorImpl.java:62)
	at java.base/jdk.internal.reflect.DelegatingMethodAccessorImpl.invoke(DelegatingMethodAccessorImpl.java:43)
	at java.base/java.lang.reflect.Method.invoke(Method.java:566)
	at org.testng.internal.MethodInvocationHelper.invokeMethod(MethodInvocationHelper.java:85)
	at org.testng.internal.Invoker.invokeMethod(Invoker.java:639)
	at org.testng.internal.Invoker.invokeTestMethod(Invoker.java:816)
	at org.testng.internal.Invoker.invokeTestMethods(Invoker.java:1124)
	at org.testng.internal.TestMethodWorker.invokeTestMethods(TestMethodWorker.java:125)
	at org.testng.internal.TestMethodWorker.run(TestMethodWorker.java:108)
	at org.testng.TestRunner.privateRun(TestRunner.java:774)
	at org.testng.TestRunner.run(TestRunner.java:624)
	at org.testng.SuiteRunner.runTest(SuiteRunner.java:359)
	at org.testng.SuiteRunner.runSequentially(SuiteRunner.java:354)
	at org.testng.SuiteRunner.privateRun(SuiteRunner.java:312)
	at org.testng.SuiteRunner.run(SuiteRunner.java:261)
	at org.testng.SuiteRunnerWorker.runSuite(SuiteRunnerWorker.java:52)
	at org.testng.SuiteRunnerWorker.run(SuiteRunnerWorker.java:86)
	at org.testng.TestNG.runSuitesSequentially(TestNG.java:1191)
	at org.testng.TestNG.runSuitesLocally(TestNG.java:1116)
	at org.testng.TestNG.run(TestNG.java:1024)
	at org.apache.maven.surefire.testng.TestNGExecutor.run(TestNGExecutor.java:283)
	at org.apache.maven.surefire.testng.TestNGXmlTestSuite.execute(TestNGXmlTestSuite.java:75)
	at org.apache.maven.surefire.testng.TestNGProvider.invoke(TestNGProvider.java:120)
	at org.apache.maven.surefire.booter.ForkedBooter.runSuitesInProcess(ForkedBooter.java:377)
	at org.apache.maven.surefire.booter.ForkedBooter.execute(ForkedBooter.java:138)
	at org.apache.maven.surefire.booter.ForkedBooter.run(ForkedBooter.java:465)
	at org.apache.maven.surefire.booter.ForkedBooter.main(ForkedBooter.java:451)
</pre></div></td>
<td>1</td>
<td>com.api.tests.Dialogs@d5ce97f</td></tr>
<tr>
<td title='com.api.tests.Dialogs.PayMultipleTransactions()'><b>PayMultipleTransactions</b><br>Test class: com.api.tests.Dialogs<br>Parameters: public void com.api.tests.Dialogs.PayMultipleTransactions(java.lang.reflect.Method)</td>
<td><div><pre>java.lang.AssertionError: expected [true] but found [false]
	at com.api.utils.VerifyResponse.validateAssertion(VerifyResponse.java:21)
	at com.api.tests.Dialogs.PayMultipleTransactions(Dialogs.java:209)
... Removed 32 stack frames</pre></div><a href='#' onClick='toggleBox("stack-trace746247411", this, "Click to show all stack frames", "Click to hide stack frames")'>Click to show all stack frames</a>
<div class='stack-trace' id='stack-trace746247411'><pre>java.lang.AssertionError: expected [true] but found [false]
	at org.testng.Assert.fail(Assert.java:94)
	at org.testng.Assert.failNotEquals(Assert.java:496)
	at org.testng.Assert.assertTrue(Assert.java:42)
	at org.testng.Assert.assertTrue(Assert.java:52)
	at com.api.utils.VerifyResponse.validateAssertion(VerifyResponse.java:21)
	at com.api.tests.Dialogs.PayMultipleTransactions(Dialogs.java:209)
	at java.base/jdk.internal.reflect.NativeMethodAccessorImpl.invoke0(Native Method)
	at java.base/jdk.internal.reflect.NativeMethodAccessorImpl.invoke(NativeMethodAccessorImpl.java:62)
	at java.base/jdk.internal.reflect.DelegatingMethodAccessorImpl.invoke(DelegatingMethodAccessorImpl.java:43)
	at java.base/java.lang.reflect.Method.invoke(Method.java:566)
	at org.testng.internal.MethodInvocationHelper.invokeMethod(MethodInvocationHelper.java:85)
	at org.testng.internal.Invoker.invokeMethod(Invoker.java:639)
	at org.testng.internal.Invoker.invokeTestMethod(Invoker.java:816)
	at org.testng.internal.Invoker.invokeTestMethods(Invoker.java:1124)
	at org.testng.internal.TestMethodWorker.invokeTestMethods(TestMethodWorker.java:125)
	at org.testng.internal.TestMethodWorker.run(TestMethodWorker.java:108)
	at org.testng.TestRunner.privateRun(TestRunner.java:774)
	at org.testng.TestRunner.run(TestRunner.java:624)
	at org.testng.SuiteRunner.runTest(SuiteRunner.java:359)
	at org.testng.SuiteRunner.runSequentially(SuiteRunner.java:354)
	at org.testng.SuiteRunner.privateRun(SuiteRunner.java:312)
	at org.testng.SuiteRunner.run(SuiteRunner.java:261)
	at org.testng.SuiteRunnerWorker.runSuite(SuiteRunnerWorker.java:52)
	at org.testng.SuiteRunnerWorker.run(SuiteRunnerWorker.java:86)
	at org.testng.TestNG.runSuitesSequentially(TestNG.java:1191)
	at org.testng.TestNG.runSuitesLocally(TestNG.java:1116)
	at org.testng.TestNG.run(TestNG.java:1024)
	at org.apache.maven.surefire.testng.TestNGExecutor.run(TestNGExecutor.java:283)
	at org.apache.maven.surefire.testng.TestNGXmlTestSuite.execute(TestNGXmlTestSuite.java:75)
	at org.apache.maven.surefire.testng.TestNGProvider.invoke(TestNGProvider.java:120)
	at org.apache.maven.surefire.booter.ForkedBooter.runSuitesInProcess(ForkedBooter.java:377)
	at org.apache.maven.surefire.booter.ForkedBooter.execute(ForkedBooter.java:138)
	at org.apache.maven.surefire.booter.ForkedBooter.run(ForkedBooter.java:465)
	at org.apache.maven.surefire.booter.ForkedBooter.main(ForkedBooter.java:451)
</pre></div></td>
<td>0</td>
<td>com.api.tests.Dialogs@d5ce97f</td></tr>
<tr>
<td title='com.api.tests.GenericCRM.PayTransaction()'><b>PayTransaction</b><br>Test class: com.api.tests.GenericCRM<br>Parameters: public void com.api.tests.GenericCRM.PayTransaction(java.lang.reflect.Method) throws java.io.IOException</td>
<td><div><pre>java.lang.AssertionError: expected [true] but found [false]
	at com.api.utils.VerifyResponse.validateAssertion(VerifyResponse.java:21)
	at com.api.tests.GenericCRM.PayTransaction(GenericCRM.java:303)
... Removed 32 stack frames</pre></div><a href='#' onClick='toggleBox("stack-trace1301865499", this, "Click to show all stack frames", "Click to hide stack frames")'>Click to show all stack frames</a>
<div class='stack-trace' id='stack-trace1301865499'><pre>java.lang.AssertionError: expected [true] but found [false]
	at org.testng.Assert.fail(Assert.java:94)
	at org.testng.Assert.failNotEquals(Assert.java:496)
	at org.testng.Assert.assertTrue(Assert.java:42)
	at org.testng.Assert.assertTrue(Assert.java:52)
	at com.api.utils.VerifyResponse.validateAssertion(VerifyResponse.java:21)
	at com.api.tests.GenericCRM.PayTransaction(GenericCRM.java:303)
	at java.base/jdk.internal.reflect.NativeMethodAccessorImpl.invoke0(Native Method)
	at java.base/jdk.internal.reflect.NativeMethodAccessorImpl.invoke(NativeMethodAccessorImpl.java:62)
	at java.base/jdk.internal.reflect.DelegatingMethodAccessorImpl.invoke(DelegatingMethodAccessorImpl.java:43)
	at java.base/java.lang.reflect.Method.invoke(Method.java:566)
	at org.testng.internal.MethodInvocationHelper.invokeMethod(MethodInvocationHelper.java:85)
	at org.testng.internal.Invoker.invokeMethod(Invoker.java:639)
	at org.testng.internal.Invoker.invokeTestMethod(Invoker.java:816)
	at org.testng.internal.Invoker.invokeTestMethods(Invoker.java:1124)
	at org.testng.internal.TestMethodWorker.invokeTestMethods(TestMethodWorker.java:125)
	at org.testng.internal.TestMethodWorker.run(TestMethodWorker.java:108)
	at org.testng.TestRunner.privateRun(TestRunner.java:774)
	at org.testng.TestRunner.run(TestRunner.java:624)
	at org.testng.SuiteRunner.runTest(SuiteRunner.java:359)
	at org.testng.SuiteRunner.runSequentially(SuiteRunner.java:354)
	at org.testng.SuiteRunner.privateRun(SuiteRunner.java:312)
	at org.testng.SuiteRunner.run(SuiteRunner.java:261)
	at org.testng.SuiteRunnerWorker.runSuite(SuiteRunnerWorker.java:52)
	at org.testng.SuiteRunnerWorker.run(SuiteRunnerWorker.java:86)
	at org.testng.TestNG.runSuitesSequentially(TestNG.java:1191)
	at org.testng.TestNG.runSuitesLocally(TestNG.java:1116)
	at org.testng.TestNG.run(TestNG.java:1024)
	at org.apache.maven.surefire.testng.TestNGExecutor.run(TestNGExecutor.java:283)
	at org.apache.maven.surefire.testng.TestNGXmlTestSuite.execute(TestNGXmlTestSuite.java:75)
	at org.apache.maven.surefire.testng.TestNGProvider.invoke(TestNGProvider.java:120)
	at org.apache.maven.surefire.booter.ForkedBooter.runSuitesInProcess(ForkedBooter.java:377)
	at org.apache.maven.surefire.booter.ForkedBooter.execute(ForkedBooter.java:138)
	at org.apache.maven.surefire.booter.ForkedBooter.run(ForkedBooter.java:465)
	at org.apache.maven.surefire.booter.ForkedBooter.main(ForkedBooter.java:451)
</pre></div></td>
<td>0</td>
<td>com.api.tests.GenericCRM@309028af</td></tr>
<tr>
<td title='com.api.tests.GiftAid.ProcessGiftAidBatch()'><b>ProcessGiftAidBatch</b><br>Test class: com.api.tests.GiftAid<br>Parameters: public void com.api.tests.GiftAid.ProcessGiftAidBatch(java.lang.reflect.Method) throws java.io.IOException</td>
<td><div><pre>java.lang.AssertionError: expected [true] but found [false]
	at com.api.utils.VerifyResponse.validateAssertion(VerifyResponse.java:21)
	at com.api.tests.GiftAid.ProcessGiftAidBatch(GiftAid.java:71)
... Removed 32 stack frames</pre></div><a href='#' onClick='toggleBox("stack-trace1560203450", this, "Click to show all stack frames", "Click to hide stack frames")'>Click to show all stack frames</a>
<div class='stack-trace' id='stack-trace1560203450'><pre>java.lang.AssertionError: expected [true] but found [false]
	at org.testng.Assert.fail(Assert.java:94)
	at org.testng.Assert.failNotEquals(Assert.java:496)
	at org.testng.Assert.assertTrue(Assert.java:42)
	at org.testng.Assert.assertTrue(Assert.java:52)
	at com.api.utils.VerifyResponse.validateAssertion(VerifyResponse.java:21)
	at com.api.tests.GiftAid.ProcessGiftAidBatch(GiftAid.java:71)
	at java.base/jdk.internal.reflect.NativeMethodAccessorImpl.invoke0(Native Method)
	at java.base/jdk.internal.reflect.NativeMethodAccessorImpl.invoke(NativeMethodAccessorImpl.java:62)
	at java.base/jdk.internal.reflect.DelegatingMethodAccessorImpl.invoke(DelegatingMethodAccessorImpl.java:43)
	at java.base/java.lang.reflect.Method.invoke(Method.java:566)
	at org.testng.internal.MethodInvocationHelper.invokeMethod(MethodInvocationHelper.java:85)
	at org.testng.internal.Invoker.invokeMethod(Invoker.java:639)
	at org.testng.internal.Invoker.invokeTestMethod(Invoker.java:816)
	at org.testng.internal.Invoker.invokeTestMethods(Invoker.java:1124)
	at org.testng.internal.TestMethodWorker.invokeTestMethods(TestMethodWorker.java:125)
	at org.testng.internal.TestMethodWorker.run(TestMethodWorker.java:108)
	at org.testng.TestRunner.privateRun(TestRunner.java:774)
	at org.testng.TestRunner.run(TestRunner.java:624)
	at org.testng.SuiteRunner.runTest(SuiteRunner.java:359)
	at org.testng.SuiteRunner.runSequentially(SuiteRunner.java:354)
	at org.testng.SuiteRunner.privateRun(SuiteRunner.java:312)
	at org.testng.SuiteRunner.run(SuiteRunner.java:261)
	at org.testng.SuiteRunnerWorker.runSuite(SuiteRunnerWorker.java:52)
	at org.testng.SuiteRunnerWorker.run(SuiteRunnerWorker.java:86)
	at org.testng.TestNG.runSuitesSequentially(TestNG.java:1191)
	at org.testng.TestNG.runSuitesLocally(TestNG.java:1116)
	at org.testng.TestNG.run(TestNG.java:1024)
	at org.apache.maven.surefire.testng.TestNGExecutor.run(TestNGExecutor.java:283)
	at org.apache.maven.surefire.testng.TestNGXmlTestSuite.execute(TestNGXmlTestSuite.java:75)
	at org.apache.maven.surefire.testng.TestNGProvider.invoke(TestNGProvider.java:120)
	at org.apache.maven.surefire.booter.ForkedBooter.runSuitesInProcess(ForkedBooter.java:377)
	at org.apache.maven.surefire.booter.ForkedBooter.execute(ForkedBooter.java:138)
	at org.apache.maven.surefire.booter.ForkedBooter.run(ForkedBooter.java:465)
	at org.apache.maven.surefire.booter.ForkedBooter.main(ForkedBooter.java:451)
</pre></div></td>
<td>2</td>
<td>com.api.tests.GiftAid@724c5cbe</td></tr>
<tr>
<td title='com.api.tests.Membership.RetrieveValidMembershipDiscountCodeForWeb()'><b>RetrieveValidMembershipDiscountCodeForWeb</b><br>Test class: com.api.tests.Membership<br>Parameters: public void com.api.tests.Membership.RetrieveValidMembershipDiscountCodeForWeb(java.lang.reflect.Method) throws java.io.IOException</td>
<td><div><pre>java.lang.AssertionError: expected [true] but found [false]
	at com.api.utils.VerifyResponse.validateAssertion(VerifyResponse.java:21)
	at com.api.tests.Membership.RetrieveValidMembershipDiscountCodeForWeb(Membership.java:182)
... Removed 32 stack frames</pre></div><a href='#' onClick='toggleBox("stack-trace54254849", this, "Click to show all stack frames", "Click to hide stack frames")'>Click to show all stack frames</a>
<div class='stack-trace' id='stack-trace54254849'><pre>java.lang.AssertionError: expected [true] but found [false]
	at org.testng.Assert.fail(Assert.java:94)
	at org.testng.Assert.failNotEquals(Assert.java:496)
	at org.testng.Assert.assertTrue(Assert.java:42)
	at org.testng.Assert.assertTrue(Assert.java:52)
	at com.api.utils.VerifyResponse.validateAssertion(VerifyResponse.java:21)
	at com.api.tests.Membership.RetrieveValidMembershipDiscountCodeForWeb(Membership.java:182)
	at java.base/jdk.internal.reflect.NativeMethodAccessorImpl.invoke0(Native Method)
	at java.base/jdk.internal.reflect.NativeMethodAccessorImpl.invoke(NativeMethodAccessorImpl.java:62)
	at java.base/jdk.internal.reflect.DelegatingMethodAccessorImpl.invoke(DelegatingMethodAccessorImpl.java:43)
	at java.base/java.lang.reflect.Method.invoke(Method.java:566)
	at org.testng.internal.MethodInvocationHelper.invokeMethod(MethodInvocationHelper.java:85)
	at org.testng.internal.Invoker.invokeMethod(Invoker.java:639)
	at org.testng.internal.Invoker.invokeTestMethod(Invoker.java:816)
	at org.testng.internal.Invoker.invokeTestMethods(Invoker.java:1124)
	at org.testng.internal.TestMethodWorker.invokeTestMethods(TestMethodWorker.java:125)
	at org.testng.internal.TestMethodWorker.run(TestMethodWorker.java:108)
	at org.testng.TestRunner.privateRun(TestRunner.java:774)
	at org.testng.TestRunner.run(TestRunner.java:624)
	at org.testng.SuiteRunner.runTest(SuiteRunner.java:359)
	at org.testng.SuiteRunner.runSequentially(SuiteRunner.java:354)
	at org.testng.SuiteRunner.privateRun(SuiteRunner.java:312)
	at org.testng.SuiteRunner.run(SuiteRunner.java:261)
	at org.testng.SuiteRunnerWorker.runSuite(SuiteRunnerWorker.java:52)
	at org.testng.SuiteRunnerWorker.run(SuiteRunnerWorker.java:86)
	at org.testng.TestNG.runSuitesSequentially(TestNG.java:1191)
	at org.testng.TestNG.runSuitesLocally(TestNG.java:1116)
	at org.testng.TestNG.run(TestNG.java:1024)
	at org.apache.maven.surefire.testng.TestNGExecutor.run(TestNGExecutor.java:283)
	at org.apache.maven.surefire.testng.TestNGXmlTestSuite.execute(TestNGXmlTestSuite.java:75)
	at org.apache.maven.surefire.testng.TestNGProvider.invoke(TestNGProvider.java:120)
	at org.apache.maven.surefire.booter.ForkedBooter.runSuitesInProcess(ForkedBooter.java:377)
	at org.apache.maven.surefire.booter.ForkedBooter.execute(ForkedBooter.java:138)
	at org.apache.maven.surefire.booter.ForkedBooter.run(ForkedBooter.java:465)
	at org.apache.maven.surefire.booter.ForkedBooter.main(ForkedBooter.java:451)
</pre></div></td>
<td>0</td>
<td>com.api.tests.Membership@70101687</td></tr>
<tr>
<td title='com.api.tests.CPD.UpdateCpdActivity()'><b>UpdateCpdActivity</b><br>Test class: com.api.tests.CPD<br>Parameters: public void com.api.tests.CPD.UpdateCpdActivity(java.lang.reflect.Method) throws java.io.IOException</td>
<td><div><pre>java.lang.AssertionError: expected [true] but found [false]
	at com.api.utils.VerifyResponse.validateAssertion(VerifyResponse.java:21)
	at com.api.tests.CPD.UpdateCpdActivity(CPD.java:164)
... Removed 32 stack frames</pre></div><a href='#' onClick='toggleBox("stack-trace1409933277", this, "Click to show all stack frames", "Click to hide stack frames")'>Click to show all stack frames</a>
<div class='stack-trace' id='stack-trace1409933277'><pre>java.lang.AssertionError: expected [true] but found [false]
	at org.testng.Assert.fail(Assert.java:94)
	at org.testng.Assert.failNotEquals(Assert.java:496)
	at org.testng.Assert.assertTrue(Assert.java:42)
	at org.testng.Assert.assertTrue(Assert.java:52)
	at com.api.utils.VerifyResponse.validateAssertion(VerifyResponse.java:21)
	at com.api.tests.CPD.UpdateCpdActivity(CPD.java:164)
	at java.base/jdk.internal.reflect.NativeMethodAccessorImpl.invoke0(Native Method)
	at java.base/jdk.internal.reflect.NativeMethodAccessorImpl.invoke(NativeMethodAccessorImpl.java:62)
	at java.base/jdk.internal.reflect.DelegatingMethodAccessorImpl.invoke(DelegatingMethodAccessorImpl.java:43)
	at java.base/java.lang.reflect.Method.invoke(Method.java:566)
	at org.testng.internal.MethodInvocationHelper.invokeMethod(MethodInvocationHelper.java:85)
	at org.testng.internal.Invoker.invokeMethod(Invoker.java:639)
	at org.testng.internal.Invoker.invokeTestMethod(Invoker.java:816)
	at org.testng.internal.Invoker.invokeTestMethods(Invoker.java:1124)
	at org.testng.internal.TestMethodWorker.invokeTestMethods(TestMethodWorker.java:125)
	at org.testng.internal.TestMethodWorker.run(TestMethodWorker.java:108)
	at org.testng.TestRunner.privateRun(TestRunner.java:774)
	at org.testng.TestRunner.run(TestRunner.java:624)
	at org.testng.SuiteRunner.runTest(SuiteRunner.java:359)
	at org.testng.SuiteRunner.runSequentially(SuiteRunner.java:354)
	at org.testng.SuiteRunner.privateRun(SuiteRunner.java:312)
	at org.testng.SuiteRunner.run(SuiteRunner.java:261)
	at org.testng.SuiteRunnerWorker.runSuite(SuiteRunnerWorker.java:52)
	at org.testng.SuiteRunnerWorker.run(SuiteRunnerWorker.java:86)
	at org.testng.TestNG.runSuitesSequentially(TestNG.java:1191)
	at org.testng.TestNG.runSuitesLocally(TestNG.java:1116)
	at org.testng.TestNG.run(TestNG.java:1024)
	at org.apache.maven.surefire.testng.TestNGExecutor.run(TestNGExecutor.java:283)
	at org.apache.maven.surefire.testng.TestNGXmlTestSuite.execute(TestNGXmlTestSuite.java:75)
	at org.apache.maven.surefire.testng.TestNGProvider.invoke(TestNGProvider.java:120)
	at org.apache.maven.surefire.booter.ForkedBooter.runSuitesInProcess(ForkedBooter.java:377)
	at org.apache.maven.surefire.booter.ForkedBooter.execute(ForkedBooter.java:138)
	at org.apache.maven.surefire.booter.ForkedBooter.run(ForkedBooter.java:465)
	at org.apache.maven.surefire.booter.ForkedBooter.main(ForkedBooter.java:451)
</pre></div></td>
<td>0</td>
<td>com.api.tests.CPD@1b7cae6f</td></tr>
</table><p>
<table width='100%' border='1' class='invocation-passed'>
<tr><td colspan='4' align='center'><b>PASSED TESTS</b></td></tr>
<tr><td><b>Test method</b></td>
<td width="30%"><b>Exception</b></td>
<td width="10%"><b>Time (seconds)</b></td>
<td><b>Instance</b></td>
</tr>
<tr>
<td title='com.api.tests.Contact.CheckContactExists()'><b>CheckContactExists</b><br>Test class: com.api.tests.Contact<br>Parameters: public void com.api.tests.Contact.CheckContactExists(java.lang.reflect.Method)</td>
<td></td>
<td>0</td>
<td>com.api.tests.Contact@13f9ad9</td></tr>
<tr>
<td title='com.api.tests.Address.CreateAddress()'><b>CreateAddress</b><br>Test class: com.api.tests.Address<br>Parameters: public void com.api.tests.Address.CreateAddress(java.lang.reflect.Method)</td>
<td></td>
<td>2</td>
<td>com.api.tests.Address@ab20d7c</td></tr>
<tr>
<td title='com.api.tests.Event.CreateBookings()'><b>CreateBookings</b><br>Test class: com.api.tests.Event<br>Parameters: public void com.api.tests.Event.CreateBookings(java.lang.reflect.Method)</td>
<td></td>
<td>18</td>
<td>com.api.tests.Event@7048535f</td></tr>
<tr>
<td title='com.api.tests.Address.CreateContactActivatedAndValidated()'><b>CreateContactActivatedAndValidated</b><br>Test class: com.api.tests.Address<br>Parameters: public void com.api.tests.Address.CreateContactActivatedAndValidated(java.lang.reflect.Method)</td>
<td></td>
<td>10</td>
<td>com.api.tests.Address@ab20d7c</td></tr>
<tr>
<td title='com.api.tests.Contact.CreateContactActivatedAndValidated()'><b>CreateContactActivatedAndValidated</b><br>Test class: com.api.tests.Contact<br>Parameters: public void com.api.tests.Contact.CreateContactActivatedAndValidated(java.lang.reflect.Method)</td>
<td></td>
<td>4</td>
<td>com.api.tests.Contact@13f9ad9</td></tr>
<tr>
<td title='com.api.tests.CPD.CreateContactActivatedAndValidated()'><b>CreateContactActivatedAndValidated</b><br>Test class: com.api.tests.CPD<br>Parameters: public void com.api.tests.CPD.CreateContactActivatedAndValidated(java.lang.reflect.Method)</td>
<td></td>
<td>2</td>
<td>com.api.tests.CPD@1b7cae6f</td></tr>
<tr>
<td title='com.api.tests.Dialogs.CreateContactActivatedAndValidated()'><b>CreateContactActivatedAndValidated</b><br>Test class: com.api.tests.Dialogs<br>Parameters: public void com.api.tests.Dialogs.CreateContactActivatedAndValidated(java.lang.reflect.Method)</td>
<td></td>
<td>3</td>
<td>com.api.tests.Dialogs@d5ce97f</td></tr>
<tr>
<td title='com.api.tests.Event.CreateContactActivatedAndValidated()'><b>CreateContactActivatedAndValidated</b><br>Test class: com.api.tests.Event<br>Parameters: public void com.api.tests.Event.CreateContactActivatedAndValidated(java.lang.reflect.Method)</td>
<td></td>
<td>2</td>
<td>com.api.tests.Event@7048535f</td></tr>
<tr>
<td title='com.api.tests.FundRaising.CreateContactActivatedAndValidated()'><b>CreateContactActivatedAndValidated</b><br>Test class: com.api.tests.FundRaising<br>Parameters: public void com.api.tests.FundRaising.CreateContactActivatedAndValidated(java.lang.reflect.Method)</td>
<td></td>
<td>2</td>
<td>com.api.tests.FundRaising@680d4a6a</td></tr>
<tr>
<td title='com.api.tests.GenericCRM.CreateContactActivatedAndValidated()'><b>CreateContactActivatedAndValidated</b><br>Test class: com.api.tests.GenericCRM<br>Parameters: public void com.api.tests.GenericCRM.CreateContactActivatedAndValidated(java.lang.reflect.Method)</td>
<td></td>
<td>2</td>
<td>com.api.tests.GenericCRM@309028af</td></tr>
<tr>
<td title='com.api.tests.GiftAid.CreateContactActivatedAndValidated()'><b>CreateContactActivatedAndValidated</b><br>Test class: com.api.tests.GiftAid<br>Parameters: public void com.api.tests.GiftAid.CreateContactActivatedAndValidated(java.lang.reflect.Method)</td>
<td></td>
<td>2</td>
<td>com.api.tests.GiftAid@724c5cbe</td></tr>
<tr>
<td title='com.api.tests.Membership.CreateContactActivatedAndValidated()'><b>CreateContactActivatedAndValidated</b><br>Test class: com.api.tests.Membership<br>Parameters: public void com.api.tests.Membership.CreateContactActivatedAndValidated(java.lang.reflect.Method)</td>
<td></td>
<td>2</td>
<td>com.api.tests.Membership@70101687</td></tr>
<tr>
<td title='com.api.tests.CPD.CreateCpdActivity()'><b>CreateCpdActivity</b><br>Test class: com.api.tests.CPD<br>Parameters: public void com.api.tests.CPD.CreateCpdActivity(java.lang.reflect.Method) throws java.io.IOException</td>
<td></td>
<td>1</td>
<td>com.api.tests.CPD@1b7cae6f</td></tr>
<tr>
<td title='com.api.tests.CPD.CreateCpdDiary()'><b>CreateCpdDiary</b><br>Test class: com.api.tests.CPD<br>Parameters: public void com.api.tests.CPD.CreateCpdDiary(java.lang.reflect.Method) throws java.io.IOException</td>
<td></td>
<td>1</td>
<td>com.api.tests.CPD@1b7cae6f</td></tr>
<tr>
<td title='com.api.tests.Dialogs.CreateDirectDebitMandate()'><b>CreateDirectDebitMandate</b><br>Test class: com.api.tests.Dialogs<br>Parameters: public void com.api.tests.Dialogs.CreateDirectDebitMandate(java.lang.reflect.Method)</td>
<td></td>
<td>2</td>
<td>com.api.tests.Dialogs@d5ce97f</td></tr>
<tr>
<td title='com.api.tests.FundRaising.CreateDonation()'><b>CreateDonation</b><br>Test class: com.api.tests.FundRaising<br>Parameters: public void com.api.tests.FundRaising.CreateDonation(java.lang.reflect.Method)</td>
<td></td>
<td>2</td>
<td>com.api.tests.FundRaising@680d4a6a</td></tr>
<tr>
<td title='com.api.tests.FundRaising.CreateDonationDebitTransaction()'><b>CreateDonationDebitTransaction</b><br>Test class: com.api.tests.FundRaising<br>Parameters: public void com.api.tests.FundRaising.CreateDonationDebitTransaction(java.lang.reflect.Method)</td>
<td></td>
<td>2</td>
<td>com.api.tests.FundRaising@680d4a6a</td></tr>
<tr>
<td title='com.api.tests.FundRaising.CreateFundraisingDonation()'><b>CreateFundraisingDonation</b><br>Test class: com.api.tests.FundRaising<br>Parameters: public void com.api.tests.FundRaising.CreateFundraisingDonation(java.lang.reflect.Method)</td>
<td></td>
<td>7</td>
<td>com.api.tests.FundRaising@680d4a6a</td></tr>
<tr>
<td title='com.api.tests.Membership.CreateGenericMembershipTransaction()'><b>CreateGenericMembershipTransaction</b><br>Test class: com.api.tests.Membership<br>Parameters: public void com.api.tests.Membership.CreateGenericMembershipTransaction(java.lang.reflect.Method) throws java.io.IOException</td>
<td></td>
<td>3</td>
<td>com.api.tests.Membership@70101687</td></tr>
<tr>
<td title='com.api.tests.GiftAid.CreateGiftAidDeclaration()'><b>CreateGiftAidDeclaration</b><br>Test class: com.api.tests.GiftAid<br>Parameters: public void com.api.tests.GiftAid.CreateGiftAidDeclaration(java.lang.reflect.Method) throws java.io.IOException</td>
<td></td>
<td>1</td>
<td>com.api.tests.GiftAid@724c5cbe</td></tr>
<tr>
<td title='com.api.tests.Membership.CreateMembership()'><b>CreateMembership</b><br>Test class: com.api.tests.Membership<br>Parameters: public void com.api.tests.Membership.CreateMembership(java.lang.reflect.Method)</td>
<td></td>
<td>3</td>
<td>com.api.tests.Membership@70101687</td></tr>
<tr>
<td title='com.api.tests.Dialogs.CreateMembershipFromDialog()'><b>CreateMembershipFromDialog</b><br>Test class: com.api.tests.Dialogs<br>Parameters: public void com.api.tests.Dialogs.CreateMembershipFromDialog(java.lang.reflect.Method)</td>
<td></td>
<td>8</td>
<td>com.api.tests.Dialogs@d5ce97f</td></tr>
<tr>
<td title='com.api.tests.Membership.CreateMembershipTransactionAndDirectDebit()'><b>CreateMembershipTransactionAndDirectDebit</b><br>Test class: com.api.tests.Membership<br>Parameters: public void com.api.tests.Membership.CreateMembershipTransactionAndDirectDebit(java.lang.reflect.Method)</td>
<td></td>
<td>15</td>
<td>com.api.tests.Membership@70101687</td></tr>
<tr>
<td title='com.api.tests.Membership.CreateMembershipTransactionAndProcessPayment()'><b>CreateMembershipTransactionAndProcessPayment</b><br>Test class: com.api.tests.Membership<br>Parameters: public void com.api.tests.Membership.CreateMembershipTransactionAndProcessPayment(java.lang.reflect.Method)</td>
<td></td>
<td>9</td>
<td>com.api.tests.Membership@70101687</td></tr>
<tr>
<td title='com.api.tests.Membership.CreateMembershipTransactionsAsInvoice()'><b>CreateMembershipTransactionsAsInvoice</b><br>Test class: com.api.tests.Membership<br>Parameters: public void com.api.tests.Membership.CreateMembershipTransactionsAsInvoice(java.lang.reflect.Method)</td>
<td></td>
<td>9</td>
<td>com.api.tests.Membership@70101687</td></tr>
<tr>
<td title='com.api.tests.Address.DeactivateAddress()'><b>DeactivateAddress</b><br>Test class: com.api.tests.Address<br>Parameters: public void com.api.tests.Address.DeactivateAddress(java.lang.reflect.Method)</td>
<td></td>
<td>2</td>
<td>com.api.tests.Address@ab20d7c</td></tr>
<tr>
<td title='com.api.tests.CPD.DeleteCpdActivity()'><b>DeleteCpdActivity</b><br>Test class: com.api.tests.CPD<br>Parameters: public void com.api.tests.CPD.DeleteCpdActivity(java.lang.reflect.Method) throws java.io.IOException</td>
<td></td>
<td>1</td>
<td>com.api.tests.CPD@1b7cae6f</td></tr>
<tr>
<td title='com.api.tests.GenericCRM.GetAllContactRoles()'><b>GetAllContactRoles</b><br>Test class: com.api.tests.GenericCRM<br>Parameters: public void com.api.tests.GenericCRM.GetAllContactRoles(java.lang.reflect.Method)</td>
<td></td>
<td>1</td>
<td>com.api.tests.GenericCRM@309028af</td></tr>
<tr>
<td title='com.api.tests.GenericCRM.GetContactRolesByContactId()'><b>GetContactRolesByContactId</b><br>Test class: com.api.tests.GenericCRM<br>Parameters: public void com.api.tests.GenericCRM.GetContactRolesByContactId(java.lang.reflect.Method)</td>
<td></td>
<td>0</td>
<td>com.api.tests.GenericCRM@309028af</td></tr>
<tr>
<td title='com.api.tests.Dialogs.GetTransactionForMembership()'><b>GetTransactionForMembership</b><br>Test class: com.api.tests.Dialogs<br>Parameters: public void com.api.tests.Dialogs.GetTransactionForMembership(java.lang.reflect.Method) throws java.io.IOException</td>
<td></td>
<td>5</td>
<td>com.api.tests.Dialogs@d5ce97f</td></tr>
<tr>
<td title='com.api.tests.Membership.LapseMembership()'><b>LapseMembership</b><br>Test class: com.api.tests.Membership<br>Parameters: public void com.api.tests.Membership.LapseMembership(java.lang.reflect.Method)</td>
<td></td>
<td>1</td>
<td>com.api.tests.Membership@70101687</td></tr>
<tr>
<td title='com.api.tests.GenericCRM.LogMemberValue()'><b>LogMemberValue</b><br>Test class: com.api.tests.GenericCRM<br>Parameters: public void com.api.tests.GenericCRM.LogMemberValue(java.lang.reflect.Method)</td>
<td></td>
<td>2</td>
<td>com.api.tests.GenericCRM@309028af</td></tr>
<tr>
<td title='com.api.tests.Dialogs.ProcessDonation()'><b>ProcessDonation</b><br>Test class: com.api.tests.Dialogs<br>Parameters: public void com.api.tests.Dialogs.ProcessDonation(java.lang.reflect.Method)</td>
<td></td>
<td>7</td>
<td>com.api.tests.Dialogs@d5ce97f</td></tr>
<tr>
<td title='com.api.tests.Membership.RetrieveActiveMembershipsByContactId()'><b>RetrieveActiveMembershipsByContactId</b><br>Test class: com.api.tests.Membership<br>Parameters: public void com.api.tests.Membership.RetrieveActiveMembershipsByContactId(java.lang.reflect.Method) throws java.io.IOException</td>
<td></td>
<td>3</td>
<td>com.api.tests.Membership@70101687</td></tr>
<tr>
<td title='com.api.tests.Address.RetrieveAddresses()'><b>RetrieveAddresses</b><br>Test class: com.api.tests.Address<br>Parameters: public void com.api.tests.Address.RetrieveAddresses(java.lang.reflect.Method)</td>
<td></td>
<td>0</td>
<td>com.api.tests.Address@ab20d7c</td></tr>
<tr>
<td title='com.api.tests.GenericCRM.RetrieveAllBranches()'><b>RetrieveAllBranches</b><br>Test class: com.api.tests.GenericCRM<br>Parameters: public void com.api.tests.GenericCRM.RetrieveAllBranches(java.lang.reflect.Method)</td>
<td></td>
<td>0</td>
<td>com.api.tests.GenericCRM@309028af</td></tr>
<tr>
<td title='com.api.tests.Membership.RetrieveAllMembershipTypes()'><b>RetrieveAllMembershipTypes</b><br>Test class: com.api.tests.Membership<br>Parameters: public void com.api.tests.Membership.RetrieveAllMembershipTypes(java.lang.reflect.Method)</td>
<td></td>
<td>1</td>
<td>com.api.tests.Membership@70101687</td></tr>
<tr>
<td title='com.api.tests.Membership.RetrieveAllMembershipsByContactId()'><b>RetrieveAllMembershipsByContactId</b><br>Test class: com.api.tests.Membership<br>Parameters: public void com.api.tests.Membership.RetrieveAllMembershipsByContactId(java.lang.reflect.Method) throws java.io.IOException</td>
<td></td>
<td>2</td>
<td>com.api.tests.Membership@70101687</td></tr>
<tr>
<td title='com.api.tests.Membership.RetrieveAllMethodsOfPayment()'><b>RetrieveAllMethodsOfPayment</b><br>Test class: com.api.tests.Membership<br>Parameters: public void com.api.tests.Membership.RetrieveAllMethodsOfPayment(java.lang.reflect.Method)</td>
<td></td>
<td>0</td>
<td>com.api.tests.Membership@70101687</td></tr>
<tr>
<td title='com.api.tests.GenericCRM.RetrieveAllPeriods()'><b>RetrieveAllPeriods</b><br>Test class: com.api.tests.GenericCRM<br>Parameters: public void com.api.tests.GenericCRM.RetrieveAllPeriods(java.lang.reflect.Method)</td>
<td></td>
<td>0</td>
<td>com.api.tests.GenericCRM@309028af</td></tr>
<tr>
<td title='com.api.tests.Contact.RetrieveContact()'><b>RetrieveContact</b><br>Test class: com.api.tests.Contact<br>Parameters: public void com.api.tests.Contact.RetrieveContact(java.lang.reflect.Method)</td>
<td></td>
<td>0</td>
<td>com.api.tests.Contact@13f9ad9</td></tr>
<tr>
<td title='com.api.tests.GenericCRM.RetrieveCounties()'><b>RetrieveCounties</b><br>Test class: com.api.tests.GenericCRM<br>Parameters: public void com.api.tests.GenericCRM.RetrieveCounties(java.lang.reflect.Method)</td>
<td></td>
<td>0</td>
<td>com.api.tests.GenericCRM@309028af</td></tr>
<tr>
<td title='com.api.tests.GenericCRM.RetrieveCountries()'><b>RetrieveCountries</b><br>Test class: com.api.tests.GenericCRM<br>Parameters: public void com.api.tests.GenericCRM.RetrieveCountries(java.lang.reflect.Method)</td>
<td></td>
<td>0</td>
<td>com.api.tests.GenericCRM@309028af</td></tr>
<tr>
<td title='com.api.tests.CPD.RetrieveCpdActivitiesByDiaryId()'><b>RetrieveCpdActivitiesByDiaryId</b><br>Test class: com.api.tests.CPD<br>Parameters: public void com.api.tests.CPD.RetrieveCpdActivitiesByDiaryId(java.lang.reflect.Method) throws java.io.IOException</td>
<td></td>
<td>0</td>
<td>com.api.tests.CPD@1b7cae6f</td></tr>
<tr>
<td title='com.api.tests.CPD.RetrieveCpdActivityById()'><b>RetrieveCpdActivityById</b><br>Test class: com.api.tests.CPD<br>Parameters: public void com.api.tests.CPD.RetrieveCpdActivityById(java.lang.reflect.Method) throws java.io.IOException</td>
<td></td>
<td>0</td>
<td>com.api.tests.CPD@1b7cae6f</td></tr>
<tr>
<td title='com.api.tests.CPD.RetrieveCpdDiaries()'><b>RetrieveCpdDiaries</b><br>Test class: com.api.tests.CPD<br>Parameters: public void com.api.tests.CPD.RetrieveCpdDiaries(java.lang.reflect.Method) throws java.io.IOException</td>
<td></td>
<td>0</td>
<td>com.api.tests.CPD@1b7cae6f</td></tr>
<tr>
<td title='com.api.tests.CPD.RetrieveCpdDiaryById()'><b>RetrieveCpdDiaryById</b><br>Test class: com.api.tests.CPD<br>Parameters: public void com.api.tests.CPD.RetrieveCpdDiaryById(java.lang.reflect.Method) throws java.io.IOException</td>
<td></td>
<td>0</td>
<td>com.api.tests.CPD@1b7cae6f</td></tr>
<tr>
<td title='com.api.tests.GenericCRM.RetrieveEntities()'><b>RetrieveEntities</b><br>Test class: com.api.tests.GenericCRM<br>Parameters: public void com.api.tests.GenericCRM.RetrieveEntities(java.lang.reflect.Method)</td>
<td></td>
<td>4</td>
<td>com.api.tests.GenericCRM@309028af</td></tr>
<tr>
<td title='com.api.tests.Membership.RetrieveMembershipBands()'><b>RetrieveMembershipBands</b><br>Test class: com.api.tests.Membership<br>Parameters: public void com.api.tests.Membership.RetrieveMembershipBands(java.lang.reflect.Method)</td>
<td></td>
<td>0</td>
<td>com.api.tests.Membership@70101687</td></tr>
<tr>
<td title='com.api.tests.Membership.RetrieveMembershipGradesByTypeId()'><b>RetrieveMembershipGradesByTypeId</b><br>Test class: com.api.tests.Membership<br>Parameters: public void com.api.tests.Membership.RetrieveMembershipGradesByTypeId(java.lang.reflect.Method) throws java.io.IOException</td>
<td></td>
<td>8</td>
<td>com.api.tests.Membership@70101687</td></tr>
<tr>
<td title='com.api.tests.Membership.RetrieveMembershipTransactions()'><b>RetrieveMembershipTransactions</b><br>Test class: com.api.tests.Membership<br>Parameters: public void com.api.tests.Membership.RetrieveMembershipTransactions(java.lang.reflect.Method) throws java.io.IOException</td>
<td></td>
<td>3</td>
<td>com.api.tests.Membership@70101687</td></tr>
<tr>
<td title='com.api.tests.GenericCRM.RetrieveMultiplesOptionsSet()'><b>RetrieveMultiplesOptionsSet</b><br>Test class: com.api.tests.GenericCRM<br>Parameters: public void com.api.tests.GenericCRM.RetrieveMultiplesOptionsSet(java.lang.reflect.Method)</td>
<td></td>
<td>1</td>
<td>com.api.tests.GenericCRM@309028af</td></tr>
<tr>
<td title='com.api.tests.GenericCRM.RetrieveOptionSet()'><b>RetrieveOptionSet</b><br>Test class: com.api.tests.GenericCRM<br>Parameters: public void com.api.tests.GenericCRM.RetrieveOptionSet(java.lang.reflect.Method)</td>
<td></td>
<td>0</td>
<td>com.api.tests.GenericCRM@309028af</td></tr>
<tr>
<td title='com.api.tests.Account.RetrieveOrganisationsByName()'><b>RetrieveOrganisationsByName</b><br>Test class: com.api.tests.Account<br>Parameters: public void com.api.tests.Account.RetrieveOrganisationsByName(java.lang.reflect.Method)</td>
<td></td>
<td>0</td>
<td>com.api.tests.Account@3ece1e79</td></tr>
<tr>
<td title='com.api.tests.Address.UpdateAddress()'><b>UpdateAddress</b><br>Test class: com.api.tests.Address<br>Parameters: public void com.api.tests.Address.UpdateAddress(java.lang.reflect.Method)</td>
<td></td>
<td>1</td>
<td>com.api.tests.Address@ab20d7c</td></tr>
<tr>
<td title='com.api.tests.Contact.UpdateContact()'><b>UpdateContact</b><br>Test class: com.api.tests.Contact<br>Parameters: public void com.api.tests.Contact.UpdateContact(java.lang.reflect.Method)</td>
<td></td>
<td>3</td>
<td>com.api.tests.Contact@13f9ad9</td></tr>
<tr>
<td title='com.api.tests.FundRaising.UpdateDonation()'><b>UpdateDonation</b><br>Test class: com.api.tests.FundRaising<br>Parameters: public void com.api.tests.FundRaising.UpdateDonation(java.lang.reflect.Method)</td>
<td></td>
<td>0</td>
<td>com.api.tests.FundRaising@680d4a6a</td></tr>
<tr>
<td title='com.api.tests.Account.UpdateOrganisation()'><b>UpdateOrganisation</b><br>Test class: com.api.tests.Account<br>Parameters: public void com.api.tests.Account.UpdateOrganisation(java.lang.reflect.Method)</td>
<td></td>
<td>1</td>
<td>com.api.tests.Account@3ece1e79</td></tr>
<tr>
<td title='com.api.tests.Membership.UpgradeMembership()'><b>UpgradeMembership</b><br>Test class: com.api.tests.Membership<br>Parameters: public void com.api.tests.Membership.UpgradeMembership(java.lang.reflect.Method)</td>
<td></td>
<td>13</td>
<td>com.api.tests.Membership@70101687</td></tr>
</table><p>
</body>
</html>