<?xml version="1.0" encoding="UTF-8"?>
<!-- Generated by org.testng.reporters.JUnitXMLReporter -->
<testsuite hostname="DESKTOP-QK7P72A" failures="11" tests="70" name="CRM API Tests" time="242.357" errors="0" timestamp="2 Mar 2020 13:46:43 GMT">
  <testcase classname="com.api.tests.Address" name="CreateContactActivatedAndValidated" time="10.589"/>
  <testcase classname="com.api.tests.Contact" name="CreateContactActivatedAndValidated" time="4.358"/>
  <testcase classname="com.api.tests.CPD" name="CreateContactActivatedAndValidated" time="2.697"/>
  <testcase classname="com.api.tests.CPD" name="RetrieveCpdActivitiesByDiaryId" time="0.931"/>
  <testcase classname="com.api.tests.CPD" name="RetrieveCpdActivityById" time="0.752"/>
  <testcase classname="com.api.tests.CPD" name="RetrieveCpdDiaries" time="0.824"/>
  <testcase classname="com.api.tests.CPD" name="RetrieveCpdDiaryById" time="0.801"/>
  <testcase classname="com.api.tests.Dialogs" name="CreateContactActivatedAndValidated" time="3.759"/>
  <testcase classname="com.api.tests.Event" name="CreateContactActivatedAndValidated" time="2.718"/>
  <testcase classname="com.api.tests.FundRaising" name="CreateContactActivatedAndValidated" time="2.699"/>
  <testcase classname="com.api.tests.GenericCRM" name="CreateContactActivatedAndValidated" time="2.606"/>
  <testcase classname="com.api.tests.GenericCRM" name="GetAllContactRoles" time="1.528"/>
  <testcase classname="com.api.tests.GenericCRM" name="LogMemberValue" time="2.052"/>
  <testcase classname="com.api.tests.GenericCRM" name="PayTransaction" time="0.899">
    <failure type="java.lang.AssertionError" message="expected [true] but found [false]">
      <![CDATA[java.lang.AssertionError: expected [true] but found [false]
	at com.api.utils.VerifyResponse.validateAssertion(VerifyResponse.java:21)
	at com.api.tests.GenericCRM.PayTransaction(GenericCRM.java:303)
... Removed 32 stack frames]]>
    </failure>
  </testcase> <!-- PayTransaction -->
  <testcase classname="com.api.tests.GenericCRM" name="RetrieveAllBranches" time="0.592"/>
  <testcase classname="com.api.tests.GenericCRM" name="RetrieveAllPeriods" time="0.775"/>
  <testcase classname="com.api.tests.GenericCRM" name="RetrieveCounties" time="0.652"/>
  <testcase classname="com.api.tests.GenericCRM" name="RetrieveCountries" time="0.698"/>
  <testcase classname="com.api.tests.GenericCRM" name="RetrieveEntities" time="4.074"/>
  <testcase classname="com.api.tests.GenericCRM" name="RetrieveMultiplesOptionsSet" time="1.222"/>
  <testcase classname="com.api.tests.GenericCRM" name="RetrieveOptionSet" time="0.646"/>
  <testcase classname="com.api.tests.GiftAid" name="CreateContactActivatedAndValidated" time="2.775"/>
  <testcase classname="com.api.tests.GiftAid" name="ProcessGiftAidBatch" time="2.911">
    <failure type="java.lang.AssertionError" message="expected [true] but found [false]">
      <![CDATA[java.lang.AssertionError: expected [true] but found [false]
	at com.api.utils.VerifyResponse.validateAssertion(VerifyResponse.java:21)
	at com.api.tests.GiftAid.ProcessGiftAidBatch(GiftAid.java:71)
... Removed 32 stack frames]]>
    </failure>
  </testcase> <!-- ProcessGiftAidBatch -->
  <testcase classname="com.api.tests.Membership" name="ApplyMembershipDiscountCodeForWeb" time="0.651">
    <failure type="java.lang.AssertionError" message="expected [true] but found [false]">
      <![CDATA[java.lang.AssertionError: expected [true] but found [false]
	at com.api.utils.VerifyResponse.validateAssertion(VerifyResponse.java:21)
	at com.api.tests.Membership.ApplyMembershipDiscountCodeForWeb(Membership.java:205)
... Removed 32 stack frames]]>
    </failure>
  </testcase> <!-- ApplyMembershipDiscountCodeForWeb -->
  <testcase classname="com.api.tests.Membership" name="CreateContactActivatedAndValidated" time="2.673"/>
  <testcase classname="com.api.tests.Membership" name="RetrieveActiveMembershipsByContactId" time="3.392"/>
  <testcase classname="com.api.tests.Membership" name="RetrieveAllMembershipTypes" time="1.076"/>
  <testcase classname="com.api.tests.Membership" name="RetrieveAllMembershipsByContactId" time="2.431"/>
  <testcase classname="com.api.tests.Membership" name="RetrieveAllMethodsOfPayment" time="0.625"/>
  <testcase classname="com.api.tests.Membership" name="RetrieveMembershipBands" time="0.78"/>
  <testcase classname="com.api.tests.Membership" name="RetrieveMembershipGradesByTypeId" time="8.641"/>
  <testcase classname="com.api.tests.Membership" name="RetrieveMembershipTransactions" time="3.503"/>
  <testcase classname="com.api.tests.Membership" name="RetrieveValidMembershipDiscountCodeForWeb" time="0.594">
    <failure type="java.lang.AssertionError" message="expected [true] but found [false]">
      <![CDATA[java.lang.AssertionError: expected [true] but found [false]
	at com.api.utils.VerifyResponse.validateAssertion(VerifyResponse.java:21)
	at com.api.tests.Membership.RetrieveValidMembershipDiscountCodeForWeb(Membership.java:182)
... Removed 32 stack frames]]>
    </failure>
  </testcase> <!-- RetrieveValidMembershipDiscountCodeForWeb -->
  <testcase classname="com.api.tests.Account" name="RetrieveOrganisationsByName" time="0.719"/>
  <testcase classname="com.api.tests.FundRaising" name="CreateDonation" time="2.286"/>
  <testcase classname="com.api.tests.Account" name="UpdateOrganisation" time="1.223"/>
  <testcase classname="com.api.tests.Dialogs" name="CreateDirectDebitMandate" time="2.648"/>
  <testcase classname="com.api.tests.Dialogs" name="CreateTransactionAllInOne" time="2.756">
    <failure type="java.lang.AssertionError" message="expected [true] but found [false]">
      <![CDATA[java.lang.AssertionError: expected [true] but found [false]
	at com.api.utils.VerifyResponse.validateAssertion(VerifyResponse.java:21)
	at com.api.tests.Dialogs.CreateTransactionAllInOne(Dialogs.java:138)
... Removed 32 stack frames]]>
    </failure>
  </testcase> <!-- CreateTransactionAllInOne -->
  <testcase classname="com.api.tests.Dialogs" name="ExecuteMembershipBatch" time="1.112">
    <failure type="java.lang.AssertionError" message="expected [200] but found [400]">
      <![CDATA[java.lang.AssertionError: expected [200] but found [400]
	at com.api.utils.VerifyResponse.validateAssertion(VerifyResponse.java:13)
	at com.api.tests.Dialogs.ExecuteMembershipBatch(Dialogs.java:155)
... Removed 33 stack frames]]>
    </failure>
  </testcase> <!-- ExecuteMembershipBatch -->
  <testcase classname="com.api.tests.Dialogs" name="GetTransactionForMembership" time="5.181"/>
  <testcase classname="com.api.tests.CPD" name="CreateCpdActivity" time="1.909"/>
  <testcase classname="com.api.tests.CPD" name="CreateCpdDiary" time="1.605"/>
  <testcase classname="com.api.tests.CPD" name="UpdateCpdActivity" time="0.645">
    <failure type="java.lang.AssertionError" message="expected [true] but found [false]">
      <![CDATA[java.lang.AssertionError: expected [true] but found [false]
	at com.api.utils.VerifyResponse.validateAssertion(VerifyResponse.java:21)
	at com.api.tests.CPD.UpdateCpdActivity(CPD.java:164)
... Removed 32 stack frames]]>
    </failure>
  </testcase> <!-- UpdateCpdActivity -->
  <testcase classname="com.api.tests.GenericCRM" name="GetContactRolesByContactId" time="0.769"/>
  <testcase classname="com.api.tests.GiftAid" name="CreateGiftAidDeclaration" time="1.325"/>
  <testcase classname="com.api.tests.Membership" name="CreateFundraisingMembership" time="22.268">
    <failure type="java.lang.AssertionError" message="expected [true] but found [false]">
      <![CDATA[java.lang.AssertionError: expected [true] but found [false]
	at com.api.utils.VerifyResponse.validateAssertion(VerifyResponse.java:21)
	at com.api.tests.Membership.CreateFundraisingMembership(Membership.java:300)
... Removed 32 stack frames]]>
    </failure>
  </testcase> <!-- CreateFundraisingMembership -->
  <testcase classname="com.api.tests.Membership" name="CreateMembership" time="3.048"/>
  <testcase classname="com.api.tests.Address" name="CreateAddress" time="2.766"/>
  <testcase classname="com.api.tests.Contact" name="UpdateContact" time="3.378"/>
  <testcase classname="com.api.tests.Dialogs" name="CreateMembershipFromDialog" time="8.146"/>
  <testcase classname="com.api.tests.Event" name="CreateBookings" time="18.615"/>
  <testcase classname="com.api.tests.Contact" name="RetrieveContact" time="0.769"/>
  <testcase classname="com.api.tests.FundRaising" name="CreateFundraisingDonation" time="7.009"/>
  <testcase classname="com.api.tests.Dialogs" name="PayMultipleTransactions" time="0.288">
    <failure type="java.lang.AssertionError" message="expected [true] but found [false]">
      <![CDATA[java.lang.AssertionError: expected [true] but found [false]
	at com.api.utils.VerifyResponse.validateAssertion(VerifyResponse.java:21)
	at com.api.tests.Dialogs.PayMultipleTransactions(Dialogs.java:209)
... Removed 32 stack frames]]>
    </failure>
  </testcase> <!-- PayMultipleTransactions -->
  <testcase classname="com.api.tests.Dialogs" name="ProcessDonation" time="7.404"/>
  <testcase classname="com.api.tests.CPD" name="DeleteCpdActivity" time="1.635"/>
  <testcase classname="com.api.tests.Membership" name="CreateGenericMembershipTransaction" time="3.919"/>
  <testcase classname="com.api.tests.Membership" name="CreateMembershipTransactionAndDirectDebit" time="15.565"/>
  <testcase classname="com.api.tests.Membership" name="CreateMembershipTransactionAndProcessPayment" time="9.334"/>
  <testcase classname="com.api.tests.Membership" name="CreateMembershipTransactionsAsInvoice" time="9.118"/>
  <testcase classname="com.api.tests.Membership" name="CreateMultipleMembershipInvoiceTransaction" time="3.119">
    <failure type="java.lang.AssertionError" message="expected [true] but found [false]">
      <![CDATA[java.lang.AssertionError: expected [true] but found [false]
	at com.api.utils.VerifyResponse.validateAssertion(VerifyResponse.java:21)
	at com.api.tests.Membership.CreateMultipleMembershipInvoiceTransaction(Membership.java:481)
... Removed 32 stack frames]]>
    </failure>
  </testcase> <!-- CreateMultipleMembershipInvoiceTransaction -->
  <testcase classname="com.api.tests.Membership" name="LapseMembership" time="1.775"/>
  <testcase classname="com.api.tests.Membership" name="UpgradeMembership" time="13.039"/>
  <testcase classname="com.api.tests.Address" name="RetrieveAddresses" time="0.934"/>
  <testcase classname="com.api.tests.Address" name="UpdateAddress" time="1.817"/>
  <testcase classname="com.api.tests.Contact" name="CheckContactExists" time="0.554"/>
  <testcase classname="com.api.tests.FundRaising" name="UpdateDonation" time="0.818"/>
  <testcase classname="com.api.tests.FundRaising" name="CreateDonationDebitTransaction" time="2.84"/>
  <testcase classname="com.api.tests.FundRaising" name="CreateDonationPaymentPlan" time="2.824">
    <failure type="java.lang.AssertionError" message="expected [true] but found [false]">
      <![CDATA[java.lang.AssertionError: expected [true] but found [false]
	at com.api.utils.VerifyResponse.validateAssertion(VerifyResponse.java:21)
	at com.api.tests.FundRaising.CreateDonationPaymentPlan(FundRaising.java:185)
... Removed 32 stack frames]]>
    </failure>
  </testcase> <!-- CreateDonationPaymentPlan -->
  <testcase classname="com.api.tests.Address" name="DeactivateAddress" time="2.304"/>
</testsuite> <!-- CRM API Tests -->
